<?xml version="1.0" encoding="utf-8" standalone="no"?>
<test-results xmlns:xsi="http://www.w3.org/2001/XMLSchema-instance" xsi:noNamespaceSchemaLocation="nunit_schema_2.5.xsd" name="Pester" total="72" errors="0" failures="0" not-run="0" inconclusive="0" ignored="0" skipped="0" invalid="0" date="2026-09-25" time="10:01:27">
  <environment machine-name="dwsalesweb" cwd="C:\Users\jsj\AppData\Local\Temp\claude\F--code-Truvio-Commerce-Foundry\e212687f-349d-4d90-ae05-ea9be4ae2cb6\scratchpad\dist-a" clr-version="10.0.9" user="jsj" user-domain="AADDSDWUSA" os-version="10.0.17763" platform="Microsoft Windows Server 2019 Datacenter|C:\Windows|\Device\Harddisk0\Partition2" nunit-version="2.5.8.0" />
  <culture-info current-culture="en-US" current-uiculture="en-US" />
  <test-suite type="TestFixture" name="Pester" executed="True" result="Success" success="True" time="16.7961" asserts="0" description="Pester">
    <results>
      <test-suite type="TestFixture" name="C:\Users\jsj\AppData\Local\Temp\claude\F--code-Truvio-Commerce-Foundry\e212687f-349d-4d90-ae05-ea9be4ae2cb6\scratchpad\dist-a\tools\ci\tests\LayerTreeHash.Tests.ps1" executed="True" result="Success" success="True" time="3.884" asserts="0" description="C:\Users\jsj\AppData\Local\Temp\claude\F--code-Truvio-Commerce-Foundry\e212687f-349d-4d90-ae05-ea9be4ae2cb6\scratchpad\dist-a\tools\ci\tests\LayerTreeHash.Tests.ps1">
        <results>
          <test-suite type="TestFixture" name="Get-LayerTreeHash - layer-tree/v1 golden" executed="True" result="Success" success="True" time="1.8603" asserts="0" description="Get-LayerTreeHash - layer-tree/v1 golden">
            <results>
              <test-case description="hashes the fixture to the pinned golden value" name="Get-LayerTreeHash - layer-tree/v1 golden.hashes the fixture to the pinned golden value" time="0.3032" asserts="0" success="True" result="Success" executed="True" />
              <test-case description="writes the pinned canonical manifest: ordinal path order, sha256sum lines, / separators, root Markdown excluded" name="Get-LayerTreeHash - layer-tree/v1 golden.writes the pinned canonical manifest: ordinal path order, sha256sum lines, / separators, root Markdown excluded" time="0.091" asserts="0" success="True" result="Success" executed="True" />
              <test-case description="names the algorithm layer-tree/v1" name="Get-LayerTreeHash - layer-tree/v1 golden.names the algorithm layer-tree/v1" time="0.0133" asserts="0" success="True" result="Success" executed="True" />
              <test-case description="prints the same hash when executed as a script (the CLI the Foundry and CI can call)" name="Get-LayerTreeHash - layer-tree/v1 golden.prints the same hash when executed as a script (the CLI the Foundry and CI can call)" time="1.3221" asserts="0" success="True" result="Success" executed="True" />
            </results>
          </test-suite>
          <test-suite type="TestFixture" name="Get-LayerTreeHash - OS independence" executed="True" result="Success" success="True" time="2.1574" asserts="0" description="Get-LayerTreeHash - OS independence">
            <results>
              <test-case description="hashes a CRLF checkout of the text files to the same value as an LF one" name="Get-LayerTreeHash - OS independence.hashes a CRLF checkout of the text files to the same value as an LF one" time="0.0496" asserts="0" success="True" result="Success" executed="True" />
              <test-case description="keeps a lone CR (only CR LF pairs are line endings)" name="Get-LayerTreeHash - OS independence.keeps a lone CR (only CR LF pairs are line endings)" time="0.0492" asserts="0" success="True" result="Success" executed="True" />
              <test-case description="hashes a binary file (a NUL in its first 8000 bytes) as it is: CR LF inside it is content" name="Get-LayerTreeHash - OS independence.hashes a binary file (a NUL in its first 8000 bytes) as it is: CR LF inside it is content" time="0.0399" asserts="0" success="True" result="Success" executed="True" />
              <test-case description="ignores an empty directory (git carries none)" name="Get-LayerTreeHash - OS independence.ignores an empty directory (git carries none)" time="0.0456" asserts="0" success="True" result="Success" executed="True" />
            </results>
          </test-suite>
          <test-suite type="TestFixture" name="Get-LayerTreeHash - what the tree covers" executed="True" result="Success" success="True" time="2.8388" asserts="0" description="Get-LayerTreeHash - what the tree covers">
            <results>
              <test-case description="ignores the layer-root documentation (README.md, CHANGELOG.md, any $null/*.md)" name="Get-LayerTreeHash - what the tree covers.ignores the layer-root documentation (README.md, CHANGELOG.md, any $null/*.md)" time="0.0949" asserts="0" success="True" result="Success" executed="True" />
              <test-case description="covers Markdown below the root (files/ ships whatever it holds)" name="Get-LayerTreeHash - what the tree covers.covers Markdown below the root (files/ ships whatever it holds)" time="0.0389" asserts="0" success="True" result="Success" executed="True" />
              <test-case description="covers a version bump in layer.json" name="Get-LayerTreeHash - what the tree covers.covers a version bump in layer.json" time="0.0426" asserts="0" success="True" result="Success" executed="True" />
              <test-case description="covers every delivered tree, not only replace/merge/files (config/, repositories/, templates/, itemtypes/, src/)" name="Get-LayerTreeHash - what the tree covers.covers every delivered tree, not only replace/merge/files (config/, repositories/, templates/, itemtypes/, src/)" time="0.1961" asserts="0" success="True" result="Success" executed="True" />
              <test-case description="covers a rename (the path is part of the hash)" name="Get-LayerTreeHash - what the tree covers.covers a rename (the path is part of the hash)" time="0.0391" asserts="0" success="True" result="Success" executed="True" />
              <test-case description="covers a one-byte content change" name="Get-LayerTreeHash - what the tree covers.covers a one-byte content change" time="0.0357" asserts="0" success="True" result="Success" executed="True" />
              <test-case description="throws on a missing directory" name="Get-LayerTreeHash - what the tree covers.throws on a missing directory" time="0.0618" asserts="0" success="True" result="Success" executed="True" />
            </results>
          </test-suite>
        </results>
      </test-suite>
      <test-suite type="TestFixture" name="C:\Users\jsj\AppData\Local\Temp\claude\F--code-Truvio-Commerce-Foundry\e212687f-349d-4d90-ae05-ea9be4ae2cb6\scratchpad\dist-a\tools\ci\tests\ManifestFiles.Tests.ps1" executed="True" result="Success" success="True" time="1.225" asserts="0" description="C:\Users\jsj\AppData\Local\Temp\claude\F--code-Truvio-Commerce-Foundry\e212687f-349d-4d90-ae05-ea9be4ae2cb6\scratchpad\dist-a\tools\ci\tests\ManifestFiles.Tests.ps1">
        <results>
          <test-suite type="TestFixture" name="Test-SqlTableManifestFiles - SqlTable files[] vs disk" executed="True" result="Success" success="True" time="0.4008" asserts="0" description="Test-SqlTableManifestFiles - SqlTable files[] vs disk">
            <results>
              <test-case description="passes a SqlTable entry whose files[] matches its directory, and ignores Content entries" name="Test-SqlTableManifestFiles - SqlTable files[] vs disk.passes a SqlTable entry whose files[] matches its directory, and ignores Content entries" time="0.1304" asserts="0" success="True" result="Success" executed="True" />
              <test-case description="fails a declared row file that is missing on disk, and names it" name="Test-SqlTableManifestFiles - SqlTable files[] vs disk.fails a declared row file that is missing on disk, and names it" time="0.0423" asserts="0" success="True" result="Success" executed="True" />
              <test-case description="fails a row file on disk that files[] does not declare, and names it" name="Test-SqlTableManifestFiles - SqlTable files[] vs disk.fails a row file on disk that files[] does not declare, and names it" time="0.0482" asserts="0" success="True" result="Success" executed="True" />
              <test-case description="fails a renamed row file in both directions (the PR #88 case)" name="Test-SqlTableManifestFiles - SqlTable files[] vs disk.fails a renamed row file in both directions (the PR #88 case)" time="0.038" asserts="0" success="True" result="Success" executed="True" />
              <test-case description="fails an undeclared _meta.yml like any other file" name="Test-SqlTableManifestFiles - SqlTable files[] vs disk.fails an undeclared _meta.yml like any other file" time="0.0317" asserts="0" success="True" result="Success" executed="True" />
              <test-case description="returns nothing for a manifest with no SqlTable entry" name="Test-SqlTableManifestFiles - SqlTable files[] vs disk.returns nothing for a manifest with no SqlTable entry" time="0.0355" asserts="0" success="True" result="Success" executed="True" />
            </results>
          </test-suite>
          <test-suite type="TestFixture" name="Test-ContentManifestFiles - Content files[] vs disk (#89 part 2)" executed="True" result="Success" success="True" time="0.9635" asserts="0" description="Test-ContentManifestFiles - Content files[] vs disk (#89 part 2)">
            <results>
              <test-case description="passes a subtree entry that lists its frame while the owning layer ships it (the feature-layer shape)" name="Test-ContentManifestFiles - Content files[] vs disk (#89 part 2).passes a subtree entry that lists its frame while the owning layer ships it (the feature-layer shape)" time="0.1285" asserts="0" success="True" result="Success" executed="True" />
              <test-case description="fails a listed page.yml of a sibling that is not an ancestor of the subtree root" name="Test-ContentManifestFiles - Content files[] vs disk (#89 part 2).fails a listed page.yml of a sibling that is not an ancestor of the subtree root" time="0.0458" asserts="0" success="True" result="Success" executed="True" />
              <test-case description="fails a moved paragraph in both directions (the surface-swift Mobile Header case)" name="Test-ContentManifestFiles - Content files[] vs disk (#89 part 2).fails a moved paragraph in both directions (the surface-swift Mobile Header case)" time="0.0506" asserts="0" success="True" result="Success" executed="True" />
              <test-case description="resolves a whole-area entry and a folder carrying the sibling de-dup suffix" name="Test-ContentManifestFiles - Content files[] vs disk (#89 part 2).resolves a whole-area entry and a folder carrying the sibling de-dup suffix" time="0.1078" asserts="0" success="True" result="Success" executed="True" />
              <test-case description="fails an entry whose path resolves to no folder" name="Test-ContentManifestFiles - Content files[] vs disk (#89 part 2).fails an entry whose path resolves to no folder" time="0.0295" asserts="0" success="True" result="Success" executed="True" />
              <test-case description="fails a _content tree with no manifest, and passes it when every file is a declared override" name="Test-ContentManifestFiles - Content files[] vs disk (#89 part 2).fails a _content tree with no manifest, and passes it when every file is a declared override" time="0.056" asserts="0" success="True" result="Success" executed="True" />
              <test-case description="returns nothing for a mode with no Content entry and no _content tree" name="Test-ContentManifestFiles - Content files[] vs disk (#89 part 2).returns nothing for a mode with no Content entry and no _content tree" time="0.0289" asserts="0" success="True" result="Success" executed="True" />
              <test-case description="maps page names onto the Serializer folder names" name="Test-ContentManifestFiles - Content files[] vs disk (#89 part 2).maps page names onto the Serializer folder names" time="0.0073" asserts="0" success="True" result="Success" executed="True" />
            </results>
          </test-suite>
        </results>
      </test-suite>
      <test-suite type="TestFixture" name="C:\Users\jsj\AppData\Local\Temp\claude\F--code-Truvio-Commerce-Foundry\e212687f-349d-4d90-ae05-ea9be4ae2cb6\scratchpad\dist-a\tools\ci\tests\ProvenTree.Tests.ps1" executed="True" result="Success" success="True" time="6.8188" asserts="0" description="C:\Users\jsj\AppData\Local\Temp\claude\F--code-Truvio-Commerce-Foundry\e212687f-349d-4d90-ae05-ea9be4ae2cb6\scratchpad\dist-a\tools\ci\tests\ProvenTree.Tests.ps1">
        <results>
          <test-suite type="TestFixture" name="provenTree: match" executed="True" result="Success" success="True" time="1.704" asserts="0" description="provenTree: match">
            <results>
              <test-case description="the validator passes every proven layer" name="provenTree: match.the validator passes every proven layer" time="0.0913" asserts="0" success="True" result="Success" executed="True" />
              <test-case description="release-tags tags each layer with its run and tree, and the edition with the verified provenTree" name="provenTree: match.release-tags tags each layer with its run and tree, and the edition with the verified provenTree" time="1.5169" asserts="0" success="True" result="Success" executed="True" />
            </results>
          </test-suite>
          <test-suite type="TestFixture" name="provenTree: mismatch without a version bump" executed="True" result="Success" success="True" time="3.1999" asserts="0" description="provenTree: mismatch without a version bump">
            <results>
              <test-case description="the validator FAILs: layer X changed since proving run Y without a version bump" name="provenTree: mismatch without a version bump.the validator FAILs: layer X changed since proving run Y without a version bump" time="0.0524" asserts="0" success="True" result="Success" executed="True" />
              <test-case description="release-tags does not tag the layer or the edition: tree differs from proving run" name="provenTree: mismatch without a version bump.release-tags does not tag the layer or the edition: tree differs from proving run" time="1.3577" asserts="0" success="True" result="Success" executed="True" />
            </results>
          </test-suite>
          <test-suite type="TestFixture" name="provenTree: mismatch with a version bump" executed="True" result="Success" success="True" time="4.5257" asserts="0" description="provenTree: mismatch with a version bump">
            <results>
              <test-case description="the validator passes with a NOTE: the layer is unproven and will not be tagged" name="provenTree: mismatch with a version bump.the validator passes with a NOTE: the layer is unproven and will not be tagged" time="0.0465" asserts="0" success="True" result="Success" executed="True" />
              <test-case description="release-tags lists it under Not tagged here: tree differs from proving run" name="provenTree: mismatch with a version bump.release-tags lists it under Not tagged here: tree differs from proving run" time="1.1986" asserts="0" success="True" result="Success" executed="True" />
            </results>
          </test-suite>
          <test-suite type="TestFixture" name="provenTree: legacy gateProven (no proofs yet)" executed="True" result="Success" success="True" time="5.7476" asserts="0" description="provenTree: legacy gateProven (no proofs yet)">
            <results>
              <test-case description="the validator passes with a legacy NOTE and no hash is computed" name="provenTree: legacy gateProven (no proofs yet).the validator passes with a legacy NOTE and no hash is computed" time="0.0154" asserts="0" success="True" result="Success" executed="True" />
              <test-case description="release-tags keeps the pre-key rule (every composed layer tagged, no tree in the message) and prints a notice" name="provenTree: legacy gateProven (no proofs yet).release-tags keeps the pre-key rule (every composed layer tagged, no tree in the message) and prints a notice" time="1.154" asserts="0" success="True" result="Success" executed="True" />
            </results>
          </test-suite>
          <test-suite type="TestFixture" name="provenTree: shape" executed="True" result="Success" success="True" time="6.0999" asserts="0" description="provenTree: shape">
            <results>
              <test-case description="rejects a proof whose runId is not the attested run, a bad hash, a bad commit and an unknown algorithm" name="provenTree: shape.rejects a proof whose runId is not the attested run, a bad hash, a bad commit and an unknown algorithm" time="0.0875" asserts="0" success="True" result="Success" executed="True" />
              <test-case description="rejects a proof for an edition gateProven does not attest" name="provenTree: shape.rejects a proof for an edition gateProven does not attest" time="0.0683" asserts="0" success="True" result="Success" executed="True" />
              <test-case description="reports a proven layer that is gone from the tree as missing, never as a failure" name="provenTree: shape.reports a proven layer that is gone from the tree as missing, never as a failure" time="0.0868" asserts="0" success="True" result="Success" executed="True" />
            </results>
          </test-suite>
        </results>
      </test-suite>
      <test-suite type="TestFixture" name="C:\Users\jsj\AppData\Local\Temp\claude\F--code-Truvio-Commerce-Foundry\e212687f-349d-4d90-ae05-ea9be4ae2cb6\scratchpad\dist-a\tools\ci\tests\VersionSpine.Tests.ps1" executed="True" result="Success" success="True" time="4.8683" asserts="0" description="C:\Users\jsj\AppData\Local\Temp\claude\F--code-Truvio-Commerce-Foundry\e212687f-349d-4d90-ae05-ea9be4ae2cb6\scratchpad\dist-a\tools\ci\tests\VersionSpine.Tests.ps1">
        <results>
          <test-suite type="TestFixture" name="Compare-SpineVersion - SemVer 2.0 with NuGet prerelease labels" executed="True" result="Success" success="True" time="0.121" asserts="0" description="Compare-SpineVersion - SemVer 2.0 with NuGet prerelease labels">
            <results>
              <test-case description="compares core segments numerically, never as strings (10.8.4 &lt; 10.28.12)" name="Compare-SpineVersion - SemVer 2.0 with NuGet prerelease labels.compares core segments numerically, never as strings (10.8.4 &lt; 10.28.12)" time="0.0464" asserts="0" success="True" result="Success" executed="True" />
              <test-case description="ranks a prerelease BELOW its release" name="Compare-SpineVersion - SemVer 2.0 with NuGet prerelease labels.ranks a prerelease BELOW its release" time="0.0235" asserts="0" success="True" result="Success" executed="True" />
              <test-case description="reads prerelease labels case-insensitively, as NuGet does (0.6.0-BETA == 0.6.0-beta)" name="Compare-SpineVersion - SemVer 2.0 with NuGet prerelease labels.reads prerelease labels case-insensitively, as NuGet does (0.6.0-BETA == 0.6.0-beta)" time="0.0155" asserts="0" success="True" result="Success" executed="True" />
              <test-case description="compares numeric identifiers numerically and ranks them below alphanumerics" name="Compare-SpineVersion - SemVer 2.0 with NuGet prerelease labels.compares numeric identifiers numerically and ranks them below alphanumerics" time="0.0186" asserts="0" success="True" result="Success" executed="True" />
              <test-case description="ignores build metadata and a leading v" name="Compare-SpineVersion - SemVer 2.0 with NuGet prerelease labels.ignores build metadata and a leading v" time="0.0095" asserts="0" success="True" result="Success" executed="True" />
            </results>
          </test-suite>
          <test-suite type="TestFixture" name="the shipped spine" executed="True" result="Success" success="True" time="0.2972" asserts="0" description="the shipped spine">
            <results>
              <test-case description="passes every check against the shipped contract and gateProven" name="the shipped spine.passes every check against the shipped contract and gateProven" time="0.1181" asserts="0" success="True" result="Success" executed="True" />
              <test-case description="names Dynamicweb.MCP as the retired PREDECESSOR of the MCP add-in, never as an alias" name="the shipped spine.names Dynamicweb.MCP as the retired PREDECESSOR of the MCP add-in, never as an alias" time="0.0189" asserts="0" success="True" result="Success" executed="True" />
              <test-case description="states the MCP floor 0.6.0-beta for both consumers, with the owner reason" name="the shipped spine.states the MCP floor 0.6.0-beta for both consumers, with the owner reason" time="0.019" asserts="0" success="True" result="Success" executed="True" />
              <test-case description="gives every floor a reason ref" name="the shipped spine.gives every floor a reason ref" time="0.0155" asserts="0" success="True" result="Success" executed="True" />
            </results>
          </test-suite>
          <test-suite type="TestFixture" name="S2 reasons and S1 ids" executed="True" result="Success" success="True" time="0.4015" asserts="0" description="S2 reasons and S1 ids">
            <results>
              <test-case description="FAILs a floor with no reason ref" name="S2 reasons and S1 ids.FAILs a floor with no reason ref" time="0.0316" asserts="0" success="True" result="Success" executed="True" />
              <test-case description="FAILs a reason ref that names neither an issue/PR nor a commit" name="S2 reasons and S1 ids.FAILs a reason ref that names neither an issue/PR nor a commit" time="0.0403" asserts="0" success="True" result="Success" executed="True" />
              <test-case description="FAILs an alias claimed by two components, a predecessor included" name="S2 reasons and S1 ids.FAILs an alias claimed by two components, a predecessor included" time="0.0276" asserts="0" success="True" result="Success" executed="True" />
            </results>
          </test-suite>
          <test-suite type="TestFixture" name="S3 a floor never exceeds current" executed="True" result="Success" success="True" time="0.519" asserts="0" description="S3 a floor never exceeds current">
            <results>
              <test-case description="FAILs a floor above the proven version" name="S3 a floor never exceeds current.FAILs a floor above the proven version" time="0.0471" asserts="0" success="True" result="Success" executed="True" />
              <test-case description="FAILs a ring floor newer than the current ring" name="S3 a floor never exceeds current.FAILs a ring floor newer than the current ring" time="0.0314" asserts="0" success="True" result="Success" executed="True" />
              <test-case description="FAILs a floor on a component with no current version" name="S3 a floor never exceeds current.FAILs a floor on a component with no current version" time="0.0331" asserts="0" success="True" result="Success" executed="True" />
            </results>
          </test-suite>
          <test-suite type="TestFixture" name="S4 current never runs ahead of gateProven" executed="True" result="Success" success="True" time="0.6047" asserts="0" description="S4 current never runs ahead of gateProven">
            <results>
              <test-case description="FAILs a gateProven-sourced current above gateProven" name="S4 current never runs ahead of gateProven.FAILs a gateProven-sourced current above gateProven" time="0.0362" asserts="0" success="True" result="Success" executed="True" />
              <test-case description="PASSes a current that lags gateProven, and says so (a lag is not a defect)" name="S4 current never runs ahead of gateProven.PASSes a current that lags gateProven, and says so (a lag is not a defect)" time="0.0437" asserts="0" success="True" result="Success" executed="True" />
            </results>
          </test-suite>
          <test-suite type="TestFixture" name="S5 the base contract copies the layers floors" executed="True" result="Success" success="True" time="0.8568" asserts="0" description="S5 the base contract copies the layers floors">
            <results>
              <test-case description="FAILs a contract floor that differs from the spine" name="S5 the base contract copies the layers floors.FAILs a contract floor that differs from the spine" time="0.0477" asserts="0" success="True" result="Success" executed="True" />
              <test-case description="FAILs a contract that names an app by its alias, pointing at the canonical id" name="S5 the base contract copies the layers floors.FAILs a contract that names an app by its alias, pointing at the canonical id" time="0.0563" asserts="0" success="True" result="Success" executed="True" />
              <test-case description="FAILs a contract that names the retired predecessor, naming the current package" name="S5 the base contract copies the layers floors.FAILs a contract that names the retired predecessor, naming the current package" time="0.0398" asserts="0" success="True" result="Success" executed="True" />
              <test-case description="FAILs a contract app with no spine floor behind it" name="S5 the base contract copies the layers floors.FAILs a contract app with no spine floor behind it" time="0.0484" asserts="0" success="True" result="Success" executed="True" />
              <test-case description="FAILs a dw floor the contract did not copy" name="S5 the base contract copies the layers floors.FAILs a dw floor the contract did not copy" time="0.0524" asserts="0" success="True" result="Success" executed="True" />
            </results>
          </test-suite>
          <test-suite type="TestFixture" name="S6 the floor rule: a floor rises only when a consumer depends on the fix" executed="True" result="Success" success="True" time="1.2425" asserts="0" description="S6 the floor rule: a floor rises only when a consumer depends on the fix">
            <results>
              <test-case description="FAILs a raised floor that keeps the base reason ref" name="S6 the floor rule: a floor rises only when a consumer depends on the fix.FAILs a raised floor that keeps the base reason ref" time="0.0717" asserts="0" success="True" result="Success" executed="True" />
              <test-case description="PASSes the same raise when it cites a new consumer reason" name="S6 the floor rule: a floor rises only when a consumer depends on the fix.PASSes the same raise when it cites a new consumer reason" time="0.045" asserts="0" success="True" result="Success" executed="True" />
              <test-case description="PASSes a floor that is lowered or unchanged with the same ref" name="S6 the floor rule: a floor rises only when a consumer depends on the fix.PASSes a floor that is lowered or unchanged with the same ref" time="0.0751" asserts="0" success="True" result="Success" executed="True" />
              <test-case description="FAILs a ring moved to a NEWER ring with the base reason ref" name="S6 the floor rule: a floor rises only when a consumer depends on the fix.FAILs a ring moved to a NEWER ring with the base reason ref" time="0.0618" asserts="0" success="True" result="Success" executed="True" />
              <test-case description="does not count a prerelease case change as a raise (0.6.0-BETA == 0.6.0-beta)" name="S6 the floor rule: a floor rises only when a consumer depends on the fix.does not count a prerelease case change as a raise (0.6.0-BETA == 0.6.0-beta)" time="0.0578" asserts="0" success="True" result="Success" executed="True" />
              <test-case description="FAILs closed when the merge base could not be read" name="S6 the floor rule: a floor rises only when a consumer depends on the fix.FAILs closed when the merge base could not be read" time="0.0298" asserts="0" success="True" result="Success" executed="True" />
              <test-case description="PASSes when the base carries no spine yet (every floor is new and carries its own reason)" name="S6 the floor rule: a floor rises only when a consumer depends on the fix.PASSes when the base carries no spine yet (every floor is new and carries its own reason)" time="0.0208" asserts="0" success="True" result="Success" executed="True" />
            </results>
          </test-suite>
          <test-suite type="TestFixture" name="Get-BaseSpine - reading the spine at the merge base" executed="True" result="Success" success="True" time="4.0868" asserts="0" description="Get-BaseSpine - reading the spine at the merge base">
            <results>
              <test-case description="reads a present spine" name="Get-BaseSpine - reading the spine at the merge base.reads a present spine" time="0.5958" asserts="0" success="True" result="Success" executed="True" />
              <test-case description="reports absent when the base predates the spine" name="Get-BaseSpine - reading the spine at the merge base.reports absent when the base predates the spine" time="0.4695" asserts="0" success="True" result="Success" executed="True" />
              <test-case description="reports unresolved for a ref that does not exist" name="Get-BaseSpine - reading the spine at the merge base.reports unresolved for a ref that does not exist" time="0.1304" asserts="0" success="True" result="Success" executed="True" />
            </results>
          </test-suite>
        </results>
      </test-suite>
    </results>
  </test-suite>
</test-results>